2022-05-11 02:49:25 [scrapy.core.scraper] ERROR: Spider error processing <GET https://www.donga.com/news/List?p=0&prod=news&ymd=&m=NP> (referer: None)
Traceback (most recent call last):
  File "/opt/homebrew/lib/python3.9/site-packages/scrapy/utils/defer.py", line 132, in iter_errback
    yield next(it)
  File "/opt/homebrew/lib/python3.9/site-packages/scrapy/utils/python.py", line 354, in __next__
    return next(self.data)
  File "/opt/homebrew/lib/python3.9/site-packages/scrapy/utils/python.py", line 354, in __next__
    return next(self.data)
  File "/opt/homebrew/lib/python3.9/site-packages/scrapy/core/spidermw.py", line 66, in _evaluate_iterable
    for r in iterable:
  File "/opt/homebrew/lib/python3.9/site-packages/scrapy/spidermiddlewares/offsite.py", line 29, in process_spider_output
    for x in result:
  File "/opt/homebrew/lib/python3.9/site-packages/scrapy/core/spidermw.py", line 66, in _evaluate_iterable
    for r in iterable:
  File "/opt/homebrew/lib/python3.9/site-packages/scrapy/spidermiddlewares/referer.py", line 342, in <genexpr>
    return (_set_referer(r) for r in result or ())
  File "/opt/homebrew/lib/python3.9/site-packages/scrapy/core/spidermw.py", line 66, in _evaluate_iterable
    for r in iterable:
  File "/opt/homebrew/lib/python3.9/site-packages/scrapy/spidermiddlewares/urllength.py", line 40, in <genexpr>
    return (r for r in result or () if _filter(r))
  File "/opt/homebrew/lib/python3.9/site-packages/scrapy/core/spidermw.py", line 66, in _evaluate_iterable
    for r in iterable:
  File "/opt/homebrew/lib/python3.9/site-packages/scrapy/spidermiddlewares/depth.py", line 58, in <genexpr>
    return (r for r in result or () if _filter(r))
  File "/opt/homebrew/lib/python3.9/site-packages/scrapy/core/spidermw.py", line 66, in _evaluate_iterable
    for r in iterable:
  File "/Users/choihyewon/VScode/capstone-2022-29/DM/Crawling/ScrapyNews/ScrapyNews/spiders/news.py", line 21, in parse
    article = Article(url)
  File "/opt/homebrew/lib/python3.9/site-packages/newspaper/article.py", line 63, in __init__
    source_url = scheme + '://' + urls.get_domain(url)
TypeError: can only concatenate str (not "NoneType") to str
2022-05-11 03:00:56 [scrapy.core.scraper] ERROR: Spider error processing <GET https://www.donga.com/news/List?p=0&prod=news&ymd=&m=NP> (referer: None)
Traceback (most recent call last):
  File "/opt/homebrew/lib/python3.9/site-packages/scrapy/utils/defer.py", line 132, in iter_errback
    yield next(it)
  File "/opt/homebrew/lib/python3.9/site-packages/scrapy/utils/python.py", line 354, in __next__
    return next(self.data)
  File "/opt/homebrew/lib/python3.9/site-packages/scrapy/utils/python.py", line 354, in __next__
    return next(self.data)
  File "/opt/homebrew/lib/python3.9/site-packages/scrapy/core/spidermw.py", line 66, in _evaluate_iterable
    for r in iterable:
  File "/opt/homebrew/lib/python3.9/site-packages/scrapy/spidermiddlewares/offsite.py", line 29, in process_spider_output
    for x in result:
  File "/opt/homebrew/lib/python3.9/site-packages/scrapy/core/spidermw.py", line 66, in _evaluate_iterable
    for r in iterable:
  File "/opt/homebrew/lib/python3.9/site-packages/scrapy/spidermiddlewares/referer.py", line 342, in <genexpr>
    return (_set_referer(r) for r in result or ())
  File "/opt/homebrew/lib/python3.9/site-packages/scrapy/core/spidermw.py", line 66, in _evaluate_iterable
    for r in iterable:
  File "/opt/homebrew/lib/python3.9/site-packages/scrapy/spidermiddlewares/urllength.py", line 40, in <genexpr>
    return (r for r in result or () if _filter(r))
  File "/opt/homebrew/lib/python3.9/site-packages/scrapy/core/spidermw.py", line 66, in _evaluate_iterable
    for r in iterable:
  File "/opt/homebrew/lib/python3.9/site-packages/scrapy/spidermiddlewares/depth.py", line 58, in <genexpr>
    return (r for r in result or () if _filter(r))
  File "/opt/homebrew/lib/python3.9/site-packages/scrapy/core/spidermw.py", line 66, in _evaluate_iterable
    for r in iterable:
  File "/Users/choihyewon/VScode/capstone-2022-29/DM/Crawling/ScrapyNews/ScrapyNews/spiders/news.py", line 21, in parse
    article = Article(url)
  File "/opt/homebrew/lib/python3.9/site-packages/newspaper/article.py", line 63, in __init__
    source_url = scheme + '://' + urls.get_domain(url)
TypeError: can only concatenate str (not "NoneType") to str
2022-05-11 03:02:02 [scrapy.core.scraper] ERROR: Spider error processing <GET https://www.donga.com/news/List?p=0&prod=news&ymd=&m=NP> (referer: None)
Traceback (most recent call last):
  File "/opt/homebrew/lib/python3.9/site-packages/scrapy/utils/defer.py", line 132, in iter_errback
    yield next(it)
  File "/opt/homebrew/lib/python3.9/site-packages/scrapy/utils/python.py", line 354, in __next__
    return next(self.data)
  File "/opt/homebrew/lib/python3.9/site-packages/scrapy/utils/python.py", line 354, in __next__
    return next(self.data)
  File "/opt/homebrew/lib/python3.9/site-packages/scrapy/core/spidermw.py", line 66, in _evaluate_iterable
    for r in iterable:
  File "/opt/homebrew/lib/python3.9/site-packages/scrapy/spidermiddlewares/offsite.py", line 29, in process_spider_output
    for x in result:
  File "/opt/homebrew/lib/python3.9/site-packages/scrapy/core/spidermw.py", line 66, in _evaluate_iterable
    for r in iterable:
  File "/opt/homebrew/lib/python3.9/site-packages/scrapy/spidermiddlewares/referer.py", line 342, in <genexpr>
    return (_set_referer(r) for r in result or ())
  File "/opt/homebrew/lib/python3.9/site-packages/scrapy/core/spidermw.py", line 66, in _evaluate_iterable
    for r in iterable:
  File "/opt/homebrew/lib/python3.9/site-packages/scrapy/spidermiddlewares/urllength.py", line 40, in <genexpr>
    return (r for r in result or () if _filter(r))
  File "/opt/homebrew/lib/python3.9/site-packages/scrapy/core/spidermw.py", line 66, in _evaluate_iterable
    for r in iterable:
  File "/opt/homebrew/lib/python3.9/site-packages/scrapy/spidermiddlewares/depth.py", line 58, in <genexpr>
    return (r for r in result or () if _filter(r))
  File "/opt/homebrew/lib/python3.9/site-packages/scrapy/core/spidermw.py", line 66, in _evaluate_iterable
    for r in iterable:
  File "/Users/choihyewon/VScode/capstone-2022-29/DM/Crawling/ScrapyNews/ScrapyNews/spiders/news.py", line 21, in parse
    article = Article(url)
  File "/opt/homebrew/lib/python3.9/site-packages/newspaper/article.py", line 63, in __init__
    source_url = scheme + '://' + urls.get_domain(url)
TypeError: can only concatenate str (not "NoneType") to str
2022-05-11 03:23:31 [scrapy.utils.log] INFO: Scrapy 2.6.1 started (bot: ScrapyNews)
2022-05-11 03:23:31 [scrapy.utils.log] INFO: Versions: lxml 4.8.0.0, libxml2 2.9.4, cssselect 1.1.0, parsel 1.6.0, w3lib 1.22.0, Twisted 22.4.0, Python 3.9.12 (main, Mar 26 2022, 15:44:31) - [Clang 13.1.6 (clang-1316.0.21.2)], pyOpenSSL 22.0.0 (OpenSSL 3.0.3 3 May 2022), cryptography 37.0.2, Platform macOS-12.3.1-arm64-arm-64bit
2022-05-11 03:23:55 [scrapy.utils.log] INFO: Scrapy 2.6.1 started (bot: ScrapyNews)
2022-05-11 03:23:55 [scrapy.utils.log] INFO: Versions: lxml 4.8.0.0, libxml2 2.9.4, cssselect 1.1.0, parsel 1.6.0, w3lib 1.22.0, Twisted 22.4.0, Python 3.9.12 (main, Mar 26 2022, 15:44:31) - [Clang 13.1.6 (clang-1316.0.21.2)], pyOpenSSL 22.0.0 (OpenSSL 3.0.3 3 May 2022), cryptography 37.0.2, Platform macOS-12.3.1-arm64-arm-64bit
2022-05-11 03:23:55 [scrapy.crawler] INFO: Overridden settings:
{'BOT_NAME': 'ScrapyNews',
 'CONCURRENT_REQUESTS': 1,
 'DOWNLOAD_DELAY': 0.25,
 'HTTPCACHE_ENABLED': True,
 'LOG_FILE': 'spider.log',
 'LOG_LEVEL': 'INFO',
 'NEWSPIDER_MODULE': 'ScrapyNews.spiders',
 'ROBOTSTXT_OBEY': True,
 'SPIDER_LOADER_WARN_ONLY': True,
 'SPIDER_MODULES': ['ScrapyNews.spiders']}
2022-05-11 03:23:55 [scrapy.extensions.telnet] INFO: Telnet Password: a3b2bfd205c534bd
2022-05-11 03:23:55 [scrapy.middleware] INFO: Enabled extensions:
['scrapy.extensions.corestats.CoreStats',
 'scrapy.extensions.telnet.TelnetConsole',
 'scrapy.extensions.memusage.MemoryUsage',
 'scrapy.extensions.logstats.LogStats']
2022-05-11 03:23:55 [scrapy.middleware] INFO: Enabled downloader middlewares:
['scrapy.downloadermiddlewares.robotstxt.RobotsTxtMiddleware',
 'scrapy.downloadermiddlewares.httpauth.HttpAuthMiddleware',
 'scrapy.downloadermiddlewares.downloadtimeout.DownloadTimeoutMiddleware',
 'scrapy.downloadermiddlewares.defaultheaders.DefaultHeadersMiddleware',
 'scrapy.downloadermiddlewares.useragent.UserAgentMiddleware',
 'scrapy.downloadermiddlewares.retry.RetryMiddleware',
 'scrapy.downloadermiddlewares.redirect.MetaRefreshMiddleware',
 'scrapy.downloadermiddlewares.httpcompression.HttpCompressionMiddleware',
 'scrapy.downloadermiddlewares.redirect.RedirectMiddleware',
 'scrapy.downloadermiddlewares.cookies.CookiesMiddleware',
 'scrapy.downloadermiddlewares.httpproxy.HttpProxyMiddleware',
 'scrapy.downloadermiddlewares.stats.DownloaderStats',
 'scrapy.downloadermiddlewares.httpcache.HttpCacheMiddleware']
2022-05-11 03:23:55 [scrapy.middleware] INFO: Enabled spider middlewares:
['scrapy.spidermiddlewares.httperror.HttpErrorMiddleware',
 'scrapy.spidermiddlewares.offsite.OffsiteMiddleware',
 'scrapy.spidermiddlewares.referer.RefererMiddleware',
 'scrapy.spidermiddlewares.urllength.UrlLengthMiddleware',
 'scrapy.spidermiddlewares.depth.DepthMiddleware']
2022-05-11 03:23:55 [scrapy.middleware] INFO: Enabled item pipelines:
['ScrapyNews.pipelines.CsvPipeline']
2022-05-11 03:23:55 [scrapy.core.engine] INFO: Spider opened
2022-05-11 03:23:55 [scrapy.extensions.logstats] INFO: Crawled 0 pages (at 0 pages/min), scraped 0 items (at 0 items/min)
2022-05-11 03:23:55 [scrapy.extensions.telnet] INFO: Telnet console listening on 127.0.0.1:6023
2022-05-11 03:24:02 [scrapy.core.scraper] ERROR: Spider error processing <GET https://www.donga.com/news/List?p=0&prod=news&ymd=&m=NP> (referer: None)
Traceback (most recent call last):
  File "/opt/homebrew/lib/python3.9/site-packages/scrapy/utils/defer.py", line 132, in iter_errback
    yield next(it)
  File "/opt/homebrew/lib/python3.9/site-packages/scrapy/utils/python.py", line 354, in __next__
    return next(self.data)
  File "/opt/homebrew/lib/python3.9/site-packages/scrapy/utils/python.py", line 354, in __next__
    return next(self.data)
  File "/opt/homebrew/lib/python3.9/site-packages/scrapy/core/spidermw.py", line 66, in _evaluate_iterable
    for r in iterable:
  File "/opt/homebrew/lib/python3.9/site-packages/scrapy/spidermiddlewares/offsite.py", line 29, in process_spider_output
    for x in result:
  File "/opt/homebrew/lib/python3.9/site-packages/scrapy/core/spidermw.py", line 66, in _evaluate_iterable
    for r in iterable:
  File "/opt/homebrew/lib/python3.9/site-packages/scrapy/spidermiddlewares/referer.py", line 342, in <genexpr>
    return (_set_referer(r) for r in result or ())
  File "/opt/homebrew/lib/python3.9/site-packages/scrapy/core/spidermw.py", line 66, in _evaluate_iterable
    for r in iterable:
  File "/opt/homebrew/lib/python3.9/site-packages/scrapy/spidermiddlewares/urllength.py", line 40, in <genexpr>
    return (r for r in result or () if _filter(r))
  File "/opt/homebrew/lib/python3.9/site-packages/scrapy/core/spidermw.py", line 66, in _evaluate_iterable
    for r in iterable:
  File "/opt/homebrew/lib/python3.9/site-packages/scrapy/spidermiddlewares/depth.py", line 58, in <genexpr>
    return (r for r in result or () if _filter(r))
  File "/opt/homebrew/lib/python3.9/site-packages/scrapy/core/spidermw.py", line 66, in _evaluate_iterable
    for r in iterable:
  File "/Users/choihyewon/VScode/capstone-2022-29/DM/Crawling/ScrapyNews/ScrapyNews/spiders/news.py", line 21, in parse
    article = Article(url)
  File "/opt/homebrew/lib/python3.9/site-packages/newspaper/article.py", line 63, in __init__
    source_url = scheme + '://' + urls.get_domain(url)
TypeError: can only concatenate str (not "NoneType") to str
2022-05-11 03:24:02 [scrapy.core.engine] INFO: Closing spider (finished)
2022-05-11 03:24:02 [scrapy.statscollectors] INFO: Dumping Scrapy stats:
{'downloader/request_bytes': 780,
 'downloader/request_count': 3,
 'downloader/request_method_count/GET': 3,
 'downloader/response_bytes': 27298,
 'downloader/response_count': 3,
 'downloader/response_status_count/200': 3,
 'elapsed_time_seconds': 7.041363,
 'finish_reason': 'finished',
 'finish_time': datetime.datetime(2022, 5, 10, 18, 24, 2, 957177),
 'httpcache/hit': 3,
 'httpcompression/response_bytes': 116733,
 'httpcompression/response_count': 3,
 'item_scraped_count': 39,
 'log_count/ERROR': 1,
 'log_count/INFO': 10,
 'memusage/max': 73613312,
 'memusage/startup': 73613312,
 'response_received_count': 3,
 'robotstxt/request_count': 1,
 'robotstxt/response_count': 1,
 'robotstxt/response_status_count/200': 1,
 'scheduler/dequeued': 2,
 'scheduler/dequeued/memory': 2,
 'scheduler/enqueued': 2,
 'scheduler/enqueued/memory': 2,
 'spider_exceptions/TypeError': 1,
 'start_time': datetime.datetime(2022, 5, 10, 18, 23, 55, 915814)}
2022-05-11 03:24:02 [scrapy.core.engine] INFO: Spider closed (finished)
2022-05-11 03:24:28 [scrapy.utils.log] INFO: Scrapy 2.6.1 started (bot: ScrapyNews)
2022-05-11 03:24:28 [scrapy.utils.log] INFO: Versions: lxml 4.8.0.0, libxml2 2.9.4, cssselect 1.1.0, parsel 1.6.0, w3lib 1.22.0, Twisted 22.4.0, Python 3.9.12 (main, Mar 26 2022, 15:44:31) - [Clang 13.1.6 (clang-1316.0.21.2)], pyOpenSSL 22.0.0 (OpenSSL 3.0.3 3 May 2022), cryptography 37.0.2, Platform macOS-12.3.1-arm64-arm-64bit
